-------------------------------------------------------------------------------
Test set: fr.univ_orleans.iut45.s202.Livre_Jeu.LivreTest
-------------------------------------------------------------------------------
Tests run: 4, Failures: 2, Errors: 0, Skipped: 0, Time elapsed: 0.001 sec <<< FAILURE!
testGetPages(fr.univ_orleans.iut45.s202.Livre_Jeu.LivreTest)  Time elapsed: 0 sec  <<< FAILURE!
java.lang.AssertionError: expected:<[fr.univ_orleans.iut45.s202.Livre_Jeu.Page@12843fce, fr.univ_orleans.iut45.s202.Livre_Jeu.Page@3dd3bcd, fr.univ_orleans.iut45.s202.Livre_Jeu.Page@97e1986, fr.univ_orleans.iut45.s202.Livre_Jeu.Page@26f67b76, fr.univ_orleans.iut45.s202.Livre_Jeu.Page@153f5a29, fr.univ_orleans.iut45.s202.Livre_Jeu.Page@7f560810, fr.univ_orleans.iut45.s202.Livre_Jeu.Page@69d9c55, fr.univ_orleans.iut45.s202.Livre_Jeu.Page@13a57a3b, fr.univ_orleans.iut45.s202.Livre_Jeu.Page@7ca48474, fr.univ_orleans.iut45.s202.Livre_Jeu.Page@337d0578]> but was:<[fr.univ_orleans.iut45.s202.Livre_Jeu.Page@59e84876, fr.univ_orleans.iut45.s202.Livre_Jeu.Page@61a485d2, fr.univ_orleans.iut45.s202.Livre_Jeu.Page@39fb3ab6, fr.univ_orleans.iut45.s202.Livre_Jeu.Page@6276ae34, fr.univ_orleans.iut45.s202.Livre_Jeu.Page@7946e1f4, fr.univ_orleans.iut45.s202.Livre_Jeu.Page@3c09711b, fr.univ_orleans.iut45.s202.Livre_Jeu.Page@5cc7c2a6, fr.univ_orleans.iut45.s202.Livre_Jeu.Page@b97c004, fr.univ_orleans.iut45.s202.Livre_Jeu.Page@4590c9c3, fr.univ_orleans.iut45.s202.Livre_Jeu.Page@32e6e9c3]>
	at org.junit.Assert.fail(Assert.java:88)
	at org.junit.Assert.failNotEquals(Assert.java:834)
	at org.junit.Assert.assertEquals(Assert.java:118)
	at org.junit.Assert.assertEquals(Assert.java:144)
	at fr.univ_orleans.iut45.s202.Livre_Jeu.LivreTest.testGetPages(LivreTest.java:30)
	at java.base/jdk.internal.reflect.DirectMethodHandleAccessor.invoke(DirectMethodHandleAccessor.java:103)
	at java.base/java.lang.reflect.Method.invoke(Method.java:580)
	at org.junit.runners.model.FrameworkMethod$1.runReflectiveCall(FrameworkMethod.java:50)
	at org.junit.internal.runners.model.ReflectiveCallable.run(ReflectiveCallable.java:12)
	at org.junit.runners.model.FrameworkMethod.invokeExplosively(FrameworkMethod.java:47)
	at org.junit.internal.runners.statements.InvokeMethod.evaluate(InvokeMethod.java:17)
	at org.junit.runners.ParentRunner.runLeaf(ParentRunner.java:325)
	at org.junit.runners.BlockJUnit4ClassRunner.runChild(BlockJUnit4ClassRunner.java:78)
	at org.junit.runners.BlockJUnit4ClassRunner.runChild(BlockJUnit4ClassRunner.java:57)
	at org.junit.runners.ParentRunner$3.run(ParentRunner.java:290)
	at org.junit.runners.ParentRunner$1.schedule(ParentRunner.java:71)
	at org.junit.runners.ParentRunner.runChildren(ParentRunner.java:288)
	at org.junit.runners.ParentRunner.access$000(ParentRunner.java:58)
	at org.junit.runners.ParentRunner$2.evaluate(ParentRunner.java:268)
	at org.junit.runners.ParentRunner.run(ParentRunner.java:363)
	at org.apache.maven.surefire.junit4.JUnit4Provider.execute(JUnit4Provider.java:252)
	at org.apache.maven.surefire.junit4.JUnit4Provider.executeTestSet(JUnit4Provider.java:141)
	at org.apache.maven.surefire.junit4.JUnit4Provider.invoke(JUnit4Provider.java:112)
	at java.base/jdk.internal.reflect.DirectMethodHandleAccessor.invoke(DirectMethodHandleAccessor.java:103)
	at java.base/java.lang.reflect.Method.invoke(Method.java:580)
	at org.apache.maven.surefire.util.ReflectionUtils.invokeMethodWithArray(ReflectionUtils.java:189)
	at org.apache.maven.surefire.booter.ProviderFactory$ProviderProxy.invoke(ProviderFactory.java:165)
	at org.apache.maven.surefire.booter.ProviderFactory.invokeProvider(ProviderFactory.java:85)
	at org.apache.maven.surefire.booter.ForkedBooter.runSuitesInProcess(ForkedBooter.java:115)
	at org.apache.maven.surefire.booter.ForkedBooter.main(ForkedBooter.java:75)

testGetPageNum(fr.univ_orleans.iut45.s202.Livre_Jeu.LivreTest)  Time elapsed: 0 sec  <<< FAILURE!
java.lang.AssertionError: expected:<fr.univ_orleans.iut45.s202.Livre_Jeu.Page@50c87b21> but was:<fr.univ_orleans.iut45.s202.Livre_Jeu.Page@5f375618>
	at org.junit.Assert.fail(Assert.java:88)
	at org.junit.Assert.failNotEquals(Assert.java:834)
	at org.junit.Assert.assertEquals(Assert.java:118)
	at org.junit.Assert.assertEquals(Assert.java:144)
	at fr.univ_orleans.iut45.s202.Livre_Jeu.LivreTest.testGetPageNum(LivreTest.java:41)
	at java.base/jdk.internal.reflect.DirectMethodHandleAccessor.invoke(DirectMethodHandleAccessor.java:103)
	at java.base/java.lang.reflect.Method.invoke(Method.java:580)
	at org.junit.runners.model.FrameworkMethod$1.runReflectiveCall(FrameworkMethod.java:50)
	at org.junit.internal.runners.model.ReflectiveCallable.run(ReflectiveCallable.java:12)
	at org.junit.runners.model.FrameworkMethod.invokeExplosively(FrameworkMethod.java:47)
	at org.junit.internal.runners.statements.InvokeMethod.evaluate(InvokeMethod.java:17)
	at org.junit.runners.ParentRunner.runLeaf(ParentRunner.java:325)
	at org.junit.runners.BlockJUnit4ClassRunner.runChild(BlockJUnit4ClassRunner.java:78)
	at org.junit.runners.BlockJUnit4ClassRunner.runChild(BlockJUnit4ClassRunner.java:57)
	at org.junit.runners.ParentRunner$3.run(ParentRunner.java:290)
	at org.junit.runners.ParentRunner$1.schedule(ParentRunner.java:71)
	at org.junit.runners.ParentRunner.runChildren(ParentRunner.java:288)
	at org.junit.runners.ParentRunner.access$000(ParentRunner.java:58)
	at org.junit.runners.ParentRunner$2.evaluate(ParentRunner.java:268)
	at org.junit.runners.ParentRunner.run(ParentRunner.java:363)
	at org.apache.maven.surefire.junit4.JUnit4Provider.execute(JUnit4Provider.java:252)
	at org.apache.maven.surefire.junit4.JUnit4Provider.executeTestSet(JUnit4Provider.java:141)
	at org.apache.maven.surefire.junit4.JUnit4Provider.invoke(JUnit4Provider.java:112)
	at java.base/jdk.internal.reflect.DirectMethodHandleAccessor.invoke(DirectMethodHandleAccessor.java:103)
	at java.base/java.lang.reflect.Method.invoke(Method.java:580)
	at org.apache.maven.surefire.util.ReflectionUtils.invokeMethodWithArray(ReflectionUtils.java:189)
	at org.apache.maven.surefire.booter.ProviderFactory$ProviderProxy.invoke(ProviderFactory.java:165)
	at org.apache.maven.surefire.booter.ProviderFactory.invokeProvider(ProviderFactory.java:85)
	at org.apache.maven.surefire.booter.ForkedBooter.runSuitesInProcess(ForkedBooter.java:115)
	at org.apache.maven.surefire.booter.ForkedBooter.main(ForkedBooter.java:75)

