<?xml version="1.0" encoding="UTF-8" ?>
<testsuite tests="4" failures="0" name="fr.univ_orleans.iut45.s202.Livre_Jeu.TestLivreJeu" time="0.024" errors="4" skipped="0">
  <properties>
[...]
</properties>
  <testcase classname="fr.univ_orleans.iut45.s202.Livre_Jeu.TestLivreJeu" name="testGetPagesJeu" time="0.024">
    <error message="no such vertex in graph: La page de numéro : 2 avec comme contenu : Lorem ipsum
 Objet :null" type="java.lang.IllegalArgumentException">java.lang.IllegalArgumentException: no such vertex in graph: La page de numéro : 2 avec comme contenu : Lorem ipsum
 Objet :null
	at org.jgrapht.graph.AbstractGraph.assertVertexExist(AbstractGraph.java:130)
	at org.jgrapht.graph.AbstractBaseGraph.addEdge(AbstractBaseGraph.java:225)
	at fr.univ_orleans.iut45.s202.Livre_Jeu.LivreJeu.genererLivreJeu_1(LivreJeu.java:137)
	at fr.univ_orleans.iut45.s202.Livre_Jeu.LivreJeu.&lt;init&gt;(LivreJeu.java:97)
	at fr.univ_orleans.iut45.s202.Livre_Jeu.TestLivreJeu.&lt;init&gt;(TestLivreJeu.java:20)
	at java.base/jdk.internal.reflect.DirectConstructorHandleAccessor.newInstance(DirectConstructorHandleAccessor.java:62)
	at java.base/java.lang.reflect.Constructor.newInstanceWithCaller(Constructor.java:502)
	at java.base/java.lang.reflect.Constructor.newInstance(Constructor.java:486)
	at org.junit.runners.BlockJUnit4ClassRunner.createTest(BlockJUnit4ClassRunner.java:217)
	at org.junit.runners.BlockJUnit4ClassRunner$1.runReflectiveCall(BlockJUnit4ClassRunner.java:266)
	at org.junit.internal.runners.model.ReflectiveCallable.run(ReflectiveCallable.java:12)
	at org.junit.runners.BlockJUnit4ClassRunner.methodBlock(BlockJUnit4ClassRunner.java:263)
	at org.junit.runners.BlockJUnit4ClassRunner.runChild(BlockJUnit4ClassRunner.java:78)
	at org.junit.runners.BlockJUnit4ClassRunner.runChild(BlockJUnit4ClassRunner.java:57)
	at org.junit.runners.ParentRunner$3.run(ParentRunner.java:290)
	at org.junit.runners.ParentRunner$1.schedule(ParentRunner.java:71)
	at org.junit.runners.ParentRunner.runChildren(ParentRunner.java:288)
	at org.junit.runners.ParentRunner.access$000(ParentRunner.java:58)
	at org.junit.runners.ParentRunner$2.evaluate(ParentRunner.java:268)
	at org.junit.runners.ParentRunner.run(ParentRunner.java:363)
	at org.apache.maven.surefire.junit4.JUnit4Provider.execute(JUnit4Provider.java:252)
	at org.apache.maven.surefire.junit4.JUnit4Provider.executeTestSet(JUnit4Provider.java:141)
	at org.apache.maven.surefire.junit4.JUnit4Provider.invoke(JUnit4Provider.java:112)
	at java.base/jdk.internal.reflect.DirectMethodHandleAccessor.invoke(DirectMethodHandleAccessor.java:103)
	at java.base/java.lang.reflect.Method.invoke(Method.java:580)
	at org.apache.maven.surefire.util.ReflectionUtils.invokeMethodWithArray(ReflectionUtils.java:189)
	at org.apache.maven.surefire.booter.ProviderFactory$ProviderProxy.invoke(ProviderFactory.java:165)
	at org.apache.maven.surefire.booter.ProviderFactory.invokeProvider(ProviderFactory.java:85)
	at org.apache.maven.surefire.booter.ForkedBooter.runSuitesInProcess(ForkedBooter.java:115)
	at org.apache.maven.surefire.booter.ForkedBooter.main(ForkedBooter.java:75)
</error>
    <system-out>[GENERATOR] Objet &apos;Objet 0&apos; placé secrètement sur la Page n°7
[GENERATOR] Objet &apos;Objet 1&apos; placé secrètement sur la Page n°5
[GENERATOR] Objet &apos;Objet 2&apos; placé secrètement sur la Page n°8
[GENERATOR] Objet &apos;Objet 3&apos; placé secrètement sur la Page n°1
</system-out>
  </testcase>
  <testcase classname="fr.univ_orleans.iut45.s202.Livre_Jeu.TestLivreJeu" name="getListObjects" time="0">
    <error message="no such vertex in graph: La page de numéro : 2 avec comme contenu : Lorem ipsum
 Objet :Objet 1" type="java.lang.IllegalArgumentException">java.lang.IllegalArgumentException: no such vertex in graph: La page de numéro : 2 avec comme contenu : Lorem ipsum
 Objet :Objet 1
	at org.jgrapht.graph.AbstractGraph.assertVertexExist(AbstractGraph.java:130)
	at org.jgrapht.graph.AbstractBaseGraph.addEdge(AbstractBaseGraph.java:225)
	at fr.univ_orleans.iut45.s202.Livre_Jeu.LivreJeu.genererLivreJeu_1(LivreJeu.java:137)
	at fr.univ_orleans.iut45.s202.Livre_Jeu.LivreJeu.&lt;init&gt;(LivreJeu.java:97)
	at fr.univ_orleans.iut45.s202.Livre_Jeu.TestLivreJeu.&lt;init&gt;(TestLivreJeu.java:20)
	at java.base/jdk.internal.reflect.DirectConstructorHandleAccessor.newInstance(DirectConstructorHandleAccessor.java:62)
	at java.base/java.lang.reflect.Constructor.newInstanceWithCaller(Constructor.java:502)
	at java.base/java.lang.reflect.Constructor.newInstance(Constructor.java:486)
	at org.junit.runners.BlockJUnit4ClassRunner.createTest(BlockJUnit4ClassRunner.java:217)
	at org.junit.runners.BlockJUnit4ClassRunner$1.runReflectiveCall(BlockJUnit4ClassRunner.java:266)
	at org.junit.internal.runners.model.ReflectiveCallable.run(ReflectiveCallable.java:12)
	at org.junit.runners.BlockJUnit4ClassRunner.methodBlock(BlockJUnit4ClassRunner.java:263)
	at org.junit.runners.BlockJUnit4ClassRunner.runChild(BlockJUnit4ClassRunner.java:78)
	at org.junit.runners.BlockJUnit4ClassRunner.runChild(BlockJUnit4ClassRunner.java:57)
	at org.junit.runners.ParentRunner$3.run(ParentRunner.java:290)
	at org.junit.runners.ParentRunner$1.schedule(ParentRunner.java:71)
	at org.junit.runners.ParentRunner.runChildren(ParentRunner.java:288)
	at org.junit.runners.ParentRunner.access$000(ParentRunner.java:58)
	at org.junit.runners.ParentRunner$2.evaluate(ParentRunner.java:268)
	at org.junit.runners.ParentRunner.run(ParentRunner.java:363)
	at org.apache.maven.surefire.junit4.JUnit4Provider.execute(JUnit4Provider.java:252)
	at org.apache.maven.surefire.junit4.JUnit4Provider.executeTestSet(JUnit4Provider.java:141)
	at org.apache.maven.surefire.junit4.JUnit4Provider.invoke(JUnit4Provider.java:112)
	at java.base/jdk.internal.reflect.DirectMethodHandleAccessor.invoke(DirectMethodHandleAccessor.java:103)
	at java.base/java.lang.reflect.Method.invoke(Method.java:580)
	at org.apache.maven.surefire.util.ReflectionUtils.invokeMethodWithArray(ReflectionUtils.java:189)
	at org.apache.maven.surefire.booter.ProviderFactory$ProviderProxy.invoke(ProviderFactory.java:165)
	at org.apache.maven.surefire.booter.ProviderFactory.invokeProvider(ProviderFactory.java:85)
	at org.apache.maven.surefire.booter.ForkedBooter.runSuitesInProcess(ForkedBooter.java:115)
	at org.apache.maven.surefire.booter.ForkedBooter.main(ForkedBooter.java:75)
</error>
    <system-out>[GENERATOR] Objet &apos;Objet 0&apos; placé secrètement sur la Page n°8
[GENERATOR] Objet &apos;Objet 1&apos; placé secrètement sur la Page n°2
[GENERATOR] Objet &apos;Objet 2&apos; placé secrètement sur la Page n°4
[GENERATOR] Objet &apos;Objet 3&apos; placé secrètement sur la Page n°7
</system-out>
  </testcase>
  <testcase classname="fr.univ_orleans.iut45.s202.Livre_Jeu.TestLivreJeu" name="testGetObjetsRecuperes" time="0">
    <error message="no such vertex in graph: La page de numéro : 2 avec comme contenu : Lorem ipsum
 Objet :null" type="java.lang.IllegalArgumentException">java.lang.IllegalArgumentException: no such vertex in graph: La page de numéro : 2 avec comme contenu : Lorem ipsum
 Objet :null
	at org.jgrapht.graph.AbstractGraph.assertVertexExist(AbstractGraph.java:130)
	at org.jgrapht.graph.AbstractBaseGraph.addEdge(AbstractBaseGraph.java:225)
	at fr.univ_orleans.iut45.s202.Livre_Jeu.LivreJeu.genererLivreJeu_1(LivreJeu.java:137)
	at fr.univ_orleans.iut45.s202.Livre_Jeu.LivreJeu.&lt;init&gt;(LivreJeu.java:97)
	at fr.univ_orleans.iut45.s202.Livre_Jeu.TestLivreJeu.&lt;init&gt;(TestLivreJeu.java:20)
	at java.base/jdk.internal.reflect.DirectConstructorHandleAccessor.newInstance(DirectConstructorHandleAccessor.java:62)
	at java.base/java.lang.reflect.Constructor.newInstanceWithCaller(Constructor.java:502)
	at java.base/java.lang.reflect.Constructor.newInstance(Constructor.java:486)
	at org.junit.runners.BlockJUnit4ClassRunner.createTest(BlockJUnit4ClassRunner.java:217)
	at org.junit.runners.BlockJUnit4ClassRunner$1.runReflectiveCall(BlockJUnit4ClassRunner.java:266)
	at org.junit.internal.runners.model.ReflectiveCallable.run(ReflectiveCallable.java:12)
	at org.junit.runners.BlockJUnit4ClassRunner.methodBlock(BlockJUnit4ClassRunner.java:263)
	at org.junit.runners.BlockJUnit4ClassRunner.runChild(BlockJUnit4ClassRunner.java:78)
	at org.junit.runners.BlockJUnit4ClassRunner.runChild(BlockJUnit4ClassRunner.java:57)
	at org.junit.runners.ParentRunner$3.run(ParentRunner.java:290)
	at org.junit.runners.ParentRunner$1.schedule(ParentRunner.java:71)
	at org.junit.runners.ParentRunner.runChildren(ParentRunner.java:288)
	at org.junit.runners.ParentRunner.access$000(ParentRunner.java:58)
	at org.junit.runners.ParentRunner$2.evaluate(ParentRunner.java:268)
	at org.junit.runners.ParentRunner.run(ParentRunner.java:363)
	at org.apache.maven.surefire.junit4.JUnit4Provider.execute(JUnit4Provider.java:252)
	at org.apache.maven.surefire.junit4.JUnit4Provider.executeTestSet(JUnit4Provider.java:141)
	at org.apache.maven.surefire.junit4.JUnit4Provider.invoke(JUnit4Provider.java:112)
	at java.base/jdk.internal.reflect.DirectMethodHandleAccessor.invoke(DirectMethodHandleAccessor.java:103)
	at java.base/java.lang.reflect.Method.invoke(Method.java:580)
	at org.apache.maven.surefire.util.ReflectionUtils.invokeMethodWithArray(ReflectionUtils.java:189)
	at org.apache.maven.surefire.booter.ProviderFactory$ProviderProxy.invoke(ProviderFactory.java:165)
	at org.apache.maven.surefire.booter.ProviderFactory.invokeProvider(ProviderFactory.java:85)
	at org.apache.maven.surefire.booter.ForkedBooter.runSuitesInProcess(ForkedBooter.java:115)
	at org.apache.maven.surefire.booter.ForkedBooter.main(ForkedBooter.java:75)
</error>
    <system-out>[GENERATOR] Objet &apos;Objet 0&apos; placé secrètement sur la Page n°8
[GENERATOR] Objet &apos;Objet 1&apos; placé secrètement sur la Page n°4
[GENERATOR] Objet &apos;Objet 2&apos; placé secrètement sur la Page n°3
[GENERATOR] Objet &apos;Objet 3&apos; placé secrètement sur la Page n°6
</system-out>
  </testcase>
  <testcase classname="fr.univ_orleans.iut45.s202.Livre_Jeu.TestLivreJeu" name="generationLivreJeu1" time="0">
    <error message="no such vertex in graph: La page de numéro : 2 avec comme contenu : Lorem ipsum
 Objet :null" type="java.lang.IllegalArgumentException">java.lang.IllegalArgumentException: no such vertex in graph: La page de numéro : 2 avec comme contenu : Lorem ipsum
 Objet :null
	at org.jgrapht.graph.AbstractGraph.assertVertexExist(AbstractGraph.java:130)
	at org.jgrapht.graph.AbstractBaseGraph.addEdge(AbstractBaseGraph.java:225)
	at fr.univ_orleans.iut45.s202.Livre_Jeu.LivreJeu.genererLivreJeu_1(LivreJeu.java:137)
	at fr.univ_orleans.iut45.s202.Livre_Jeu.LivreJeu.&lt;init&gt;(LivreJeu.java:97)
	at fr.univ_orleans.iut45.s202.Livre_Jeu.TestLivreJeu.&lt;init&gt;(TestLivreJeu.java:20)
	at java.base/jdk.internal.reflect.DirectConstructorHandleAccessor.newInstance(DirectConstructorHandleAccessor.java:62)
	at java.base/java.lang.reflect.Constructor.newInstanceWithCaller(Constructor.java:502)
	at java.base/java.lang.reflect.Constructor.newInstance(Constructor.java:486)
	at org.junit.runners.BlockJUnit4ClassRunner.createTest(BlockJUnit4ClassRunner.java:217)
	at org.junit.runners.BlockJUnit4ClassRunner$1.runReflectiveCall(BlockJUnit4ClassRunner.java:266)
	at org.junit.internal.runners.model.ReflectiveCallable.run(ReflectiveCallable.java:12)
	at org.junit.runners.BlockJUnit4ClassRunner.methodBlock(BlockJUnit4ClassRunner.java:263)
	at org.junit.runners.BlockJUnit4ClassRunner.runChild(BlockJUnit4ClassRunner.java:78)
	at org.junit.runners.BlockJUnit4ClassRunner.runChild(BlockJUnit4ClassRunner.java:57)
	at org.junit.runners.ParentRunner$3.run(ParentRunner.java:290)
	at org.junit.runners.ParentRunner$1.schedule(ParentRunner.java:71)
	at org.junit.runners.ParentRunner.runChildren(ParentRunner.java:288)
	at org.junit.runners.ParentRunner.access$000(ParentRunner.java:58)
	at org.junit.runners.ParentRunner$2.evaluate(ParentRunner.java:268)
	at org.junit.runners.ParentRunner.run(ParentRunner.java:363)
	at org.apache.maven.surefire.junit4.JUnit4Provider.execute(JUnit4Provider.java:252)
	at org.apache.maven.surefire.junit4.JUnit4Provider.executeTestSet(JUnit4Provider.java:141)
	at org.apache.maven.surefire.junit4.JUnit4Provider.invoke(JUnit4Provider.java:112)
	at java.base/jdk.internal.reflect.DirectMethodHandleAccessor.invoke(DirectMethodHandleAccessor.java:103)
	at java.base/java.lang.reflect.Method.invoke(Method.java:580)
	at org.apache.maven.surefire.util.ReflectionUtils.invokeMethodWithArray(ReflectionUtils.java:189)
	at org.apache.maven.surefire.booter.ProviderFactory$ProviderProxy.invoke(ProviderFactory.java:165)
	at org.apache.maven.surefire.booter.ProviderFactory.invokeProvider(ProviderFactory.java:85)
	at org.apache.maven.surefire.booter.ForkedBooter.runSuitesInProcess(ForkedBooter.java:115)
	at org.apache.maven.surefire.booter.ForkedBooter.main(ForkedBooter.java:75)
</error>
    <system-out>[GENERATOR] Objet &apos;Objet 0&apos; placé secrètement sur la Page n°5
[GENERATOR] Objet &apos;Objet 1&apos; placé secrètement sur la Page n°6
[GENERATOR] Objet &apos;Objet 2&apos; placé secrètement sur la Page n°4
[GENERATOR] Objet &apos;Objet 3&apos; placé secrètement sur la Page n°7
</system-out>
  </testcase>
</testsuite>