<?xml version="1.0" encoding="UTF-8"?>
<testsuite xmlns:xsi="http://www.w3.org/2001/XMLSchema-instance" xsi:noNamespaceSchemaLocation="https://maven.apache.org/surefire/maven-surefire-plugin/xsd/surefire-test-report.xsd" version="3.0.2" name="fr.univ_orleans.iut45.s202.Livre_Jeu.LivreJeuTest" time="0.002" tests="15" errors="0" skipped="0" failures="0">
  <properties>
[...]
</properties>
  <testcase name="testGetPagesJeu" classname="fr.univ_orleans.iut45.s202.Livre_Jeu.LivreJeuTest" time="0.0"/>
  <testcase name="testAlgorithmeCombinatoireComplet" classname="fr.univ_orleans.iut45.s202.Livre_Jeu.LivreJeuTest" time="0.0"/>
  <testcase name="testGetPageNumero" classname="fr.univ_orleans.iut45.s202.Livre_Jeu.LivreJeuTest" time="0.0"/>
  <testcase name="testGetObjetsRecuperes" classname="fr.univ_orleans.iut45.s202.Livre_Jeu.LivreJeuTest" time="0.0"/>
  <testcase name="testGenererLivreJeu_1" classname="fr.univ_orleans.iut45.s202.Livre_Jeu.LivreJeuTest" time="0.0"/>
  <testcase name="testGetListeObjets" classname="fr.univ_orleans.iut45.s202.Livre_Jeu.LivreJeuTest" time="0.0"/>
  <testcase name="testRecupererObjet" classname="fr.univ_orleans.iut45.s202.Livre_Jeu.LivreJeuTest" time="0.0"/>
  <testcase name="testToString" classname="fr.univ_orleans.iut45.s202.Livre_Jeu.LivreJeuTest" time="0.0"/>
  <testcase name="testExporterEnPDF" classname="fr.univ_orleans.iut45.s202.Livre_Jeu.LivreJeuTest" time="0.0"/>
  <testcase name="testRechercheSolutionGloutonne" classname="fr.univ_orleans.iut45.s202.Livre_Jeu.LivreJeuTest" time="0.0"/>
  <testcase name="testAlgorithmeGloutonSortieSeule" classname="fr.univ_orleans.iut45.s202.Livre_Jeu.LivreJeuTest" time="0.0"/>
  <testcase name="testAlgorithmeGloutonCorrect" classname="fr.univ_orleans.iut45.s202.Livre_Jeu.LivreJeuTest" time="0.0"/>
  <testcase name="testPagesSansSource" classname="fr.univ_orleans.iut45.s202.Livre_Jeu.LivreJeuTest" time="0.0"/>
  <testcase name="testGetGraphe" classname="fr.univ_orleans.iut45.s202.Livre_Jeu.LivreJeuTest" time="0.0"/>
  <testcase name="testAlgorithmeDijkstraCorrect" classname="fr.univ_orleans.iut45.s202.Livre_Jeu.LivreJeuTest" time="0.0"/>
</testsuite>