<?xml version="1.0" encoding="UTF-8" ?>
<testsuite tests="4" failures="1" name="fr.univ_orleans.iut45.s202.Livre_Jeu.LivreTest" time="0" errors="0" skipped="0">
  <properties>
[...]
</properties>
  <testcase classname="fr.univ_orleans.iut45.s202.Livre_Jeu.LivreTest" name="testGetPages" time="0">
    <failure message="expected:&lt;[fr.univ_orleans.iut45.s202.Livre_Jeu.Page@6bf256fa, fr.univ_orleans.iut45.s202.Livre_Jeu.Page@6cd8737, fr.univ_orleans.iut45.s202.Livre_Jeu.Page@22f71333, fr.univ_orleans.iut45.s202.Livre_Jeu.Page@13969fbe, fr.univ_orleans.iut45.s202.Livre_Jeu.Page@6aaa5eb0, fr.univ_orleans.iut45.s202.Livre_Jeu.Page@3498ed, fr.univ_orleans.iut45.s202.Livre_Jeu.Page@1a407d53, fr.univ_orleans.iut45.s202.Livre_Jeu.Page@3d8c7aca, fr.univ_orleans.iut45.s202.Livre_Jeu.Page@5ebec15, fr.univ_orleans.iut45.s202.Livre_Jeu.Page@21bcffb5]&gt; but was:&lt;[]&gt;" type="java.lang.AssertionError">java.lang.AssertionError: expected:&lt;[fr.univ_orleans.iut45.s202.Livre_Jeu.Page@6bf256fa, fr.univ_orleans.iut45.s202.Livre_Jeu.Page@6cd8737, fr.univ_orleans.iut45.s202.Livre_Jeu.Page@22f71333, fr.univ_orleans.iut45.s202.Livre_Jeu.Page@13969fbe, fr.univ_orleans.iut45.s202.Livre_Jeu.Page@6aaa5eb0, fr.univ_orleans.iut45.s202.Livre_Jeu.Page@3498ed, fr.univ_orleans.iut45.s202.Livre_Jeu.Page@1a407d53, fr.univ_orleans.iut45.s202.Livre_Jeu.Page@3d8c7aca, fr.univ_orleans.iut45.s202.Livre_Jeu.Page@5ebec15, fr.univ_orleans.iut45.s202.Livre_Jeu.Page@21bcffb5]&gt; but was:&lt;[]&gt;
	at org.junit.Assert.fail(Assert.java:88)
	at org.junit.Assert.failNotEquals(Assert.java:834)
	at org.junit.Assert.assertEquals(Assert.java:118)
	at org.junit.Assert.assertEquals(Assert.java:144)
	at fr.univ_orleans.iut45.s202.Livre_Jeu.LivreTest.testGetPages(LivreTest.java:30)
	at java.base/jdk.internal.reflect.DirectMethodHandleAccessor.invoke(DirectMethodHandleAccessor.java:103)
	at java.base/java.lang.reflect.Method.invoke(Method.java:580)
	at org.junit.runners.model.FrameworkMethod$1.runReflectiveCall(FrameworkMethod.java:50)
	at org.junit.internal.runners.model.ReflectiveCallable.run(ReflectiveCallable.java:12)
	at org.junit.runners.model.FrameworkMethod.invokeExplosively(FrameworkMethod.java:47)
	at org.junit.internal.runners.statements.InvokeMethod.evaluate(InvokeMethod.java:17)
	at org.junit.runners.ParentRunner.runLeaf(ParentRunner.java:325)
	at org.junit.runners.BlockJUnit4ClassRunner.runChild(BlockJUnit4ClassRunner.java:78)
	at org.junit.runners.BlockJUnit4ClassRunner.runChild(BlockJUnit4ClassRunner.java:57)
	at org.junit.runners.ParentRunner$3.run(ParentRunner.java:290)
	at org.junit.runners.ParentRunner$1.schedule(ParentRunner.java:71)
	at org.junit.runners.ParentRunner.runChildren(ParentRunner.java:288)
	at org.junit.runners.ParentRunner.access$000(ParentRunner.java:58)
	at org.junit.runners.ParentRunner$2.evaluate(ParentRunner.java:268)
	at org.junit.runners.ParentRunner.run(ParentRunner.java:363)
	at org.apache.maven.surefire.junit4.JUnit4Provider.execute(JUnit4Provider.java:252)
	at org.apache.maven.surefire.junit4.JUnit4Provider.executeTestSet(JUnit4Provider.java:141)
	at org.apache.maven.surefire.junit4.JUnit4Provider.invoke(JUnit4Provider.java:112)
	at java.base/jdk.internal.reflect.DirectMethodHandleAccessor.invoke(DirectMethodHandleAccessor.java:103)
	at java.base/java.lang.reflect.Method.invoke(Method.java:580)
	at org.apache.maven.surefire.util.ReflectionUtils.invokeMethodWithArray(ReflectionUtils.java:189)
	at org.apache.maven.surefire.booter.ProviderFactory$ProviderProxy.invoke(ProviderFactory.java:165)
	at org.apache.maven.surefire.booter.ProviderFactory.invokeProvider(ProviderFactory.java:85)
	at org.apache.maven.surefire.booter.ForkedBooter.runSuitesInProcess(ForkedBooter.java:115)
	at org.apache.maven.surefire.booter.ForkedBooter.main(ForkedBooter.java:75)
</failure>
  </testcase>
  <testcase classname="fr.univ_orleans.iut45.s202.Livre_Jeu.LivreTest" name="testGetTitre" time="0"/>
  <testcase classname="fr.univ_orleans.iut45.s202.Livre_Jeu.LivreTest" name="testGetPageNum" time="0"/>
  <testcase classname="fr.univ_orleans.iut45.s202.Livre_Jeu.LivreTest" name="testGetNbPages" time="0"/>
</testsuite>